#
# A fatal error has been detected by the Java Runtime Environment:
#
#  SIGSEGV (0xb) at pc=0x0000000102e52098, pid=5374, tid=21251
#
# JRE version: Java(TM) SE Runtime Environment (8.0_60-b27) (build 1.8.0_60-b27)
# Java VM: Java HotSpot(TM) 64-Bit Server VM (25.60-b23 mixed mode bsd-amd64 compressed oops)
# Problematic frame:
# V  [libjvm.dylib+0x52c098]  SymbolTable::lookup(int, char const*, int, unsigned int)+0x40
#
# Failed to write core dump. Core dumps have been disabled. To enable core dumping, try "ulimit -c unlimited" before starting Java again
#
# If you would like to submit a bug report, please visit:
#   http://bugreport.java.com/bugreport/crash.jsp
#

---------------  T H R E A D  ---------------

Current thread (0x00007fdf7c944800):  JavaThread "Daemon worker" [_thread_in_vm, id=21251, stack(0x000000011a945000,0x000000011aa45000)]

siginfo: si_signo: 11 (SIGSEGV), si_code: 0 (unknown), si_addr: 0x0000000000000000

Registers:
RAX=0x0000000116758000, RBX=0x43a0000043000000, RCX=0x0000000000000002, RDX=0x00007fdf811af0fb
RSP=0x000000011aa3c8a0, RBP=0x000000011aa3c8e0, RSI=0x0000000000000eb8, RDI=0x00007fdf7bf040f0
R8 =0x0000000000000eb8, R9 =0x00000000fff80000, R10=0x0000000000000013, R11=0x00007fdf7e300000
R12=0x00007fdf811af0fb, R13=0x0000000000000002, R14=0x0000000000000005, R15=0x0000000000000002
RIP=0x0000000102e52098, EFLAGS=0x0000000000010206, ERR=0x0000000000000000
  TRAPNO=0x000000000000000d

Top of Stack: (sp=0x000000011aa3c8a0)
0x000000011aa3c8a0:   ff80000000001002 00007fdf7bf040f0
0x000000011aa3c8b0:   00000eb81aa3c8e0 000000011aa3cfd0
0x000000011aa3c8c0:   0000000000000002 0000000000000002
0x000000011aa3c8d0:   00007fdf811af0fb 00007fdf7c944800
0x000000011aa3c8e0:   000000011aa3ca40 0000000102aa2795
0x000000011aa3c8f0:   0000000102872000 0000000000000078
0x000000011aa3c900:   0000000000000007 000000011aa3d160
0x000000011aa3c910:   00000000000000a0 00000eb800000053
0x000000011aa3c920:   0000000000000000 000000011aa3c9a8
0x000000011aa3c930:   000000011aa3c970 0000000102da3650
0x000000011aa3c940:   00007fdf7e1ee2b0 0000000000000078
0x000000011aa3c950:   000000011d91cf68 00007fdf7bd2d9b0
0x000000011aa3c960:   000000011d91d010 0000000000000078
0x000000011aa3c970:   000000011aa3c990 0000000102b17b76
0x000000011aa3c980:   0000000000000078 000000011d91d010
0x000000011aa3c990:   000000011aa3c9e0 0000000102affed5
0x000000011aa3c9a0:   000000011aa3c9d0 0000000000000000
0x000000011aa3c9b0:   000000011aa3c9e0 00007fff8bc9e0e8
0x000000011aa3c9c0:   00007fdf811aec00 00007fdf811afaee
0x000000011aa3c9d0:   00007fdf811af0fd 000000011aa3d2c0
0x000000011aa3c9e0:   000000011aa3ca01 0000000102b0a727
0x000000011aa3c9f0:   000000011d91cf68 000000011d91d010
0x000000011aa3ca00:   00000000000000a0 00007fdf7e1e77d0
0x000000011aa3ca10:   000000011aa3ca40 000000011aa3cfd0
0x000000011aa3ca20:   00007fdf7e1e77d0 00007fdf7bd2d9b0
0x000000011aa3ca30:   00007fdf7c944800 000000011aa3cfd0
0x000000011aa3ca40:   000000011aa3cbe0 0000000102aac16d
0x000000011aa3ca50:   000000011aa3d160 000000011aa3ce70
0x000000011aa3ca60:   000000a00314efa8 000000010314ef90
0x000000011aa3ca70:   000000011d91d010 00007fdf7c944800
0x000000011aa3ca80:   0000000000000001 00007fff88705c70
0x000000011aa3ca90:   000000011aa3cac0 0000000000000000 

Instructions: (pc=0x0000000102e52098)
0x0000000102e52078:   89 45 d4 41 89 cf 49 89 d4 48 89 7d c8 eb 37 4c
0x0000000102e52088:   89 ef e8 17 eb ff ff 4c 89 e8 eb 40 44 8b 45 d4
0x0000000102e52098:   44 39 03 75 16 4c 8b 6b 10 4c 89 ef 4c 89 e6 44
0x0000000102e520a8:   89 fa e8 bb e9 ff ff 84 c0 75 d4 41 ff c6 48 8b 

Register to memory mapping:

RAX=0x0000000116758000 is an unknown value
RBX=0x43a0000043000000 is an unknown value
RCX=0x0000000000000002 is an unknown value
RDX=0x00007fdf811af0fb is an unknown value
RSP=0x000000011aa3c8a0 is pointing into the stack for thread: 0x00007fdf7c944800
RBP=0x000000011aa3c8e0 is pointing into the stack for thread: 0x00007fdf7c944800
RSI=0x0000000000000eb8 is an unknown value
RDI=0x00007fdf7bf040f0 is an unknown value
R8 =0x0000000000000eb8 is an unknown value
R9 =0x00000000fff80000 is an unknown value
R10=0x0000000000000013 is an unknown value
R11=0x00007fdf7e300000 is an unknown value
R12=0x00007fdf811af0fb is an unknown value
R13=0x0000000000000002 is an unknown value
R14=0x0000000000000005 is an unknown value
R15=0x0000000000000002 is an unknown value


Stack: [0x000000011a945000,0x000000011aa45000],  sp=0x000000011aa3c8a0,  free space=990k
Native frames: (J=compiled Java code, j=interpreted, Vv=VM code, C=native code)
V  [libjvm.dylib+0x52c098]  SymbolTable::lookup(int, char const*, int, unsigned int)+0x40
V  [libjvm.dylib+0x17c795]  ClassFileParser::parse_constant_pool_entries(int, Thread*)+0x7f1
V  [libjvm.dylib+0x18616d]  ClassFileParser::parse_constant_pool(Thread*)+0x129
V  [libjvm.dylib+0x187558]  ClassFileParser::parseClassFile(Symbol*, ClassLoaderData*, Handle, KlassHandle, GrowableArray<Handle>*, TempNewSymbol&, bool, Thread*)+0x68c
V  [libjvm.dylib+0x5327ab]  SystemDictionary::resolve_from_stream(Symbol*, Handle, Handle, ClassFileStream*, bool, Thread*)+0xff
V  [libjvm.dylib+0x34cefa]  jvm_define_class_common(JNIEnv_*, char const*, _jobject*, signed char const*, int, _jobject*, char const*, unsigned char, Thread*)+0x23a
V  [libjvm.dylib+0x34d08e]  JVM_DefineClassWithSource+0x77
C  [libjava.dylib+0x2ed6]  Java_java_lang_ClassLoader_defineClass1+0x199
J 653  java.lang.ClassLoader.defineClass1(Ljava/lang/String;[BIILjava/security/ProtectionDomain;Ljava/lang/String;)Ljava/lang/Class; (0 bytes) @ 0x00000001044ee98b [0x00000001044ee880+0x10b]
J 584 C1 java.lang.ClassLoader.defineClass(Ljava/lang/String;[BIILjava/security/ProtectionDomain;)Ljava/lang/Class; (43 bytes) @ 0x00000001044bd95c [0x00000001044bd380+0x5dc]
J 2889 C1 java.security.SecureClassLoader.defineClass(Ljava/lang/String;[BIILjava/security/CodeSource;)Ljava/lang/Class; (16 bytes) @ 0x0000000104c6d694 [0x0000000104c6d540+0x154]
J 2980 C2 java.net.URLClassLoader$1.run()Ljava/lang/Object; (5 bytes) @ 0x0000000104e0b6a0 [0x0000000104e08da0+0x2900]
v  ~StubRoutines::call_stub
V  [libjvm.dylib+0x2eab0e]  JavaCalls::call_helper(JavaValue*, methodHandle*, JavaCallArguments*, Thread*)+0x6ae
V  [libjvm.dylib+0x34afd8]  JVM_DoPrivileged+0x4b8
J 306  java.security.AccessController.doPrivileged(Ljava/security/PrivilegedExceptionAction;Ljava/security/AccessControlContext;)Ljava/lang/Object; (0 bytes) @ 0x00000001043dd555 [0x00000001043dd480+0xd5]
J 1188 C2 java.net.URLClassLoader.findClass(Ljava/lang/String;)Ljava/lang/Class; (47 bytes) @ 0x0000000104644dfc [0x0000000104644d60+0x9c]
J 1465 C2 java.lang.ClassLoader.loadClass(Ljava/lang/String;Z)Ljava/lang/Class; (122 bytes) @ 0x000000010485be90 [0x000000010485ba80+0x410]
J 2978 C2 java.lang.ClassLoader.loadClass(Ljava/lang/String;)Ljava/lang/Class; (7 bytes) @ 0x0000000104cb74e0 [0x0000000104cb74a0+0x40]
v  ~StubRoutines::call_stub
V  [libjvm.dylib+0x2eab0e]  JavaCalls::call_helper(JavaValue*, methodHandle*, JavaCallArguments*, Thread*)+0x6ae
V  [libjvm.dylib+0x2eb29c]  JavaCalls::call_virtual(JavaValue*, KlassHandle, Symbol*, Symbol*, JavaCallArguments*, Thread*)+0x164
V  [libjvm.dylib+0x2eb3f4]  JavaCalls::call_virtual(JavaValue*, Handle, KlassHandle, Symbol*, Symbol*, Handle, Thread*)+0x56
V  [libjvm.dylib+0x533650]  SystemDictionary::load_instance_class(Symbol*, Handle, Thread*)+0x2d8
V  [libjvm.dylib+0x532de9]  SystemDictionary::resolve_instance_class_or_null(Symbol*, Handle, Handle, Thread*)+0x48f
V  [libjvm.dylib+0x53386c]  SystemDictionary::resolve_or_null(Symbol*, Handle, Handle, Thread*)+0x106
V  [libjvm.dylib+0x533edb]  SystemDictionary::resolve_or_fail(Symbol*, Handle, Handle, bool, Thread*)+0x31
V  [libjvm.dylib+0x57d518]  VerificationType::is_reference_assignable_from(VerificationType const&, ClassVerifier*, bool, Thread*) const+0x1c0
V  [libjvm.dylib+0x5006c7]  VerificationType::is_assignable_from(VerificationType const&, ClassVerifier*, bool, Thread*) const+0x13f
V  [libjvm.dylib+0x57ea1d]  ClassVerifier::verify_return_value(VerificationType, VerificationType, unsigned short, StackMapFrame*, Thread*)+0x159
V  [libjvm.dylib+0x5856a3]  ClassVerifier::verify_method(methodHandle, Thread*)+0xbaf
V  [libjvm.dylib+0x59c852]  ClassVerifier::verify_class(Thread*)+0xbe
V  [libjvm.dylib+0x59d4ae]  Verifier::verify(instanceKlassHandle, Verifier::Mode, bool, Thread*)+0x110
V  [libjvm.dylib+0x2bea99]  InstanceKlass::link_class_impl(instanceKlassHandle, bool, Thread*)+0x397
V  [libjvm.dylib+0x2be882]  InstanceKlass::link_class_impl(instanceKlassHandle, bool, Thread*)+0x180
V  [libjvm.dylib+0x2beca9]  InstanceKlass::link_class(Thread*)+0x3b
V  [libjvm.dylib+0x2bece1]  InstanceKlass::initialize_impl(instanceKlassHandle, Thread*)+0x25
V  [libjvm.dylib+0x2bf407]  InstanceKlass::initialize(Thread*)+0x3d
V  [libjvm.dylib+0x2e651c]  InterpreterRuntime::_new(JavaThread*, ConstantPool*, int)+0x5e
j  com.google.common.io.ByteSource.asCharSource(Ljava/nio/charset/Charset;)Lcom/google/common/io/CharSource;+0
j  com.google.common.io.Files.asCharSource(Ljava/io/File;Ljava/nio/charset/Charset;)Lcom/google/common/io/CharSource;+5
j  com.google.common.io.Files.newReaderSupplier(Ljava/io/File;Ljava/nio/charset/Charset;)Lcom/google/common/io/InputSupplier;+2
j  com.google.common.io.Files.readLines(Ljava/io/File;Ljava/nio/charset/Charset;Lcom/google/common/io/LineProcessor;)Ljava/lang/Object;+2
j  com.google.common.io.Files.readLines(Ljava/io/File;Ljava/nio/charset/Charset;)Ljava/util/List;+9
j  com.android.builder.internal.SymbolLoader.load()V+7
j  com.android.builder.core.AndroidBuilder.processResources(Lcom/android/builder/core/AaptPackageProcessBuilder;ZLcom/android/ide/common/process/ProcessOutputHandler;)V+271
j  com.android.build.gradle.tasks.ProcessAndroidResources.doFullTaskAction()V+250
j  com.android.build.gradle.internal.tasks.IncrementalTask.taskAction(Lorg/gradle/api/tasks/incremental/IncrementalTaskInputs;)V+8
v  ~StubRoutines::call_stub
V  [libjvm.dylib+0x2eab0e]  JavaCalls::call_helper(JavaValue*, methodHandle*, JavaCallArguments*, Thread*)+0x6ae
V  [libjvm.dylib+0x4caf44]  Reflection::invoke(instanceKlassHandle, methodHandle, Handle, bool, objArrayHandle, BasicType, objArrayHandle, bool, Thread*)+0xe12
V  [libjvm.dylib+0x4cb478]  Reflection::invoke_method(oopDesc*, Handle, objArrayHandle, Thread*)+0x16c
V  [libjvm.dylib+0x342cc0]  JVM_InvokeMethod+0x166
J 1173  sun.reflect.NativeMethodAccessorImpl.invoke0(Ljava/lang/reflect/Method;Ljava/lang/Object;[Ljava/lang/Object;)Ljava/lang/Object; (0 bytes) @ 0x0000000104631ded [0x0000000104631d00+0xed]
J 1172 C1 sun.reflect.NativeMethodAccessorImpl.invoke(Ljava/lang/Object;[Ljava/lang/Object;)Ljava/lang/Object; (104 bytes) @ 0x0000000104635714 [0x0000000104634540+0x11d4]
J 747 C1 sun.reflect.DelegatingMethodAccessorImpl.invoke(Ljava/lang/Object;[Ljava/lang/Object;)Ljava/lang/Object; (10 bytes) @ 0x000000010452370c [0x0000000104523600+0x10c]
J 746 C1 java.lang.reflect.Method.invoke(Ljava/lang/Object;[Ljava/lang/Object;)Ljava/lang/Object; (62 bytes) @ 0x0000000104522794 [0x00000001045223a0+0x3f4]
J 3496 C1 org.gradle.internal.reflect.JavaMethod.invoke(Ljava/lang/Object;[Ljava/lang/Object;)Ljava/lang/Object; (74 bytes) @ 0x0000000104dc0c64 [0x0000000104dc0be0+0x84]
j  org.gradle.api.internal.project.taskfactory.AnnotationProcessingTaskFactory$IncrementalTaskAction.doExecute(Lorg/gradle/api/Task;Ljava/lang/String;)V+35
j  org.gradle.api.internal.project.taskfactory.AnnotationProcessingTaskFactory$StandardTaskAction.execute(Lorg/gradle/api/Task;)V+32
j  org.gradle.api.internal.project.taskfactory.AnnotationProcessingTaskFactory$IncrementalTaskAction.execute(Lorg/gradle/api/Task;)V+2
j  org.gradle.api.internal.project.taskfactory.AnnotationProcessingTaskFactory$StandardTaskAction.execute(Ljava/lang/Object;)V+5
j  org.gradle.api.internal.tasks.execution.ExecuteActionsTaskExecuter.executeAction(Lorg/gradle/api/internal/TaskInternal;Lorg/gradle/api/internal/tasks/ContextAwareTaskAction;Lorg/gradle/api/internal/tasks/TaskExecutionContext;)V+9
j  org.gradle.api.internal.tasks.execution.ExecuteActionsTaskExecuter.executeActions(Lorg/gradle/api/internal/TaskInternal;Lorg/gradle/api/internal/tasks/TaskStateInternal;Lorg/gradle/api/internal/tasks/TaskExecutionContext;)Lorg/gradle/api/GradleException;+79
j  org.gradle.api.internal.tasks.execution.ExecuteActionsTaskExecuter.execute(Lorg/gradle/api/internal/TaskInternal;Lorg/gradle/api/internal/tasks/TaskStateInternal;Lorg/gradle/api/internal/tasks/TaskExecutionContext;)V+19
j  org.gradle.api.internal.tasks.execution.PostExecutionAnalysisTaskExecuter.execute(Lorg/gradle/api/internal/TaskInternal;Lorg/gradle/api/internal/tasks/TaskStateInternal;Lorg/gradle/api/internal/tasks/TaskExecutionContext;)V+7
j  org.gradle.api.internal.tasks.execution.SkipUpToDateTaskExecuter.execute(Lorg/gradle/api/internal/TaskInternal;Lorg/gradle/api/internal/tasks/TaskStateInternal;Lorg/gradle/api/internal/tasks/TaskExecutionContext;)V+133
j  org.gradle.api.internal.tasks.execution.ValidatingTaskExecuter.execute(Lorg/gradle/api/internal/TaskInternal;Lorg/gradle/api/internal/tasks/TaskStateInternal;Lorg/gradle/api/internal/tasks/TaskExecutionContext;)V+215
j  org.gradle.api.internal.tasks.execution.SkipEmptySourceFilesTaskExecuter.execute(Lorg/gradle/api/internal/TaskInternal;Lorg/gradle/api/internal/tasks/TaskStateInternal;Lorg/gradle/api/internal/tasks/TaskExecutionContext;)V+111
j  org.gradle.api.internal.tasks.execution.SkipTaskWithNoActionsExecuter.execute(Lorg/gradle/api/internal/TaskInternal;Lorg/gradle/api/internal/tasks/TaskStateInternal;Lorg/gradle/api/internal/tasks/TaskExecutionContext;)V+110
j  org.gradle.api.internal.tasks.execution.SkipOnlyIfTaskExecuter.execute(Lorg/gradle/api/internal/TaskInternal;Lorg/gradle/api/internal/tasks/TaskStateInternal;Lorg/gradle/api/internal/tasks/TaskExecutionContext;)V+84
j  org.gradle.api.internal.tasks.execution.ExecuteAtMostOnceTaskExecuter.execute(Lorg/gradle/api/internal/TaskInternal;Lorg/gradle/api/internal/tasks/TaskStateInternal;Lorg/gradle/api/internal/tasks/TaskExecutionContext;)V+26
j  org.gradle.execution.taskgraph.DefaultTaskGraphExecuter$EventFiringTaskWorker.execute(Lorg/gradle/api/internal/TaskInternal;)V+106
j  org.gradle.execution.taskgraph.DefaultTaskGraphExecuter$EventFiringTaskWorker.execute(Ljava/lang/Object;)V+5
j  org.gradle.execution.taskgraph.AbstractTaskPlanExecutor$TaskExecutorWorker.processTask(Lorg/gradle/execution/taskgraph/TaskInfo;)V+8
j  org.gradle.execution.taskgraph.AbstractTaskPlanExecutor$TaskExecutorWorker.run()V+56
j  org.gradle.execution.taskgraph.DefaultTaskPlanExecutor.process(Lorg/gradle/execution/taskgraph/TaskExecutionPlan;Lorg/gradle/api/Action;)V+6
j  org.gradle.execution.taskgraph.DefaultTaskGraphExecuter.execute()V+65
j  org.gradle.execution.SelectedTaskExecutionAction.execute(Lorg/gradle/execution/BuildExecutionContext;)V+55
j  org.gradle.execution.DefaultBuildExecuter.execute(Lorg/gradle/api/internal/GradleInternal;I)V+37
j  org.gradle.execution.DefaultBuildExecuter.access$000(Lorg/gradle/execution/DefaultBuildExecuter;Lorg/gradle/api/internal/GradleInternal;I)V+3
j  org.gradle.execution.DefaultBuildExecuter$1.proceed()V+14
j  org.gradle.execution.DryRunBuildExecutionAction.execute(Lorg/gradle/execution/BuildExecutionContext;)V+68
j  org.gradle.execution.DefaultBuildExecuter.execute(Lorg/gradle/api/internal/GradleInternal;I)V+37
j  org.gradle.execution.DefaultBuildExecuter.execute(Lorg/gradle/api/internal/GradleInternal;)V+3
j  org.gradle.initialization.DefaultGradleLauncher$4.run()V+14
J 4716 C1 org.gradle.internal.Factories$1.create()Ljava/lang/Object; (11 bytes) @ 0x0000000104addef4 [0x0000000104adde80+0x74]
j  org.gradle.internal.progress.DefaultBuildOperationExecutor.run(Lorg/gradle/internal/progress/BuildOperationDetails;Lorg/gradle/internal/Factory;)Ljava/lang/Object;+171
j  org.gradle.internal.progress.DefaultBuildOperationExecutor.run(Ljava/lang/String;Ljava/lang/Runnable;)V+12
j  org.gradle.initialization.DefaultGradleLauncher.doBuildStages(Lorg/gradle/initialization/DefaultGradleLauncher$Stage;)V+85
j  org.gradle.initialization.DefaultGradleLauncher.access$200(Lorg/gradle/initialization/DefaultGradleLauncher;Lorg/gradle/initialization/DefaultGradleLauncher$Stage;)V+2
j  org.gradle.initialization.DefaultGradleLauncher$1.create()Lorg/gradle/BuildResult;+29
j  org.gradle.initialization.DefaultGradleLauncher$1.create()Ljava/lang/Object;+1
j  org.gradle.internal.progress.DefaultBuildOperationExecutor.run(Lorg/gradle/internal/progress/BuildOperationDetails;Lorg/gradle/internal/Factory;)Ljava/lang/Object;+171
j  org.gradle.internal.progress.DefaultBuildOperationExecutor.run(Ljava/lang/String;Lorg/gradle/internal/Factory;)Ljava/lang/Object;+9
j  org.gradle.initialization.DefaultGradleLauncher.doBuild(Lorg/gradle/initialization/DefaultGradleLauncher$Stage;)Lorg/gradle/BuildResult;+25
j  org.gradle.initialization.DefaultGradleLauncher.run()Lorg/gradle/BuildResult;+4
j  org.gradle.launcher.exec.InProcessBuildActionExecuter$DefaultBuildController.run()Lorg/gradle/api/internal/GradleInternal;+4
j  org.gradle.tooling.internal.provider.runner.BuildModelActionRunner.run(Lorg/gradle/internal/invocation/BuildAction;Lorg/gradle/internal/invocation/BuildController;)V+29
j  org.gradle.launcher.exec.ChainingBuildActionRunner.run(Lorg/gradle/internal/invocation/BuildAction;Lorg/gradle/internal/invocation/BuildController;)V+34
...<more frames>...

Java frames: (J=compiled Java code, j=interpreted, Vv=VM code)
J 653  java.lang.ClassLoader.defineClass1(Ljava/lang/String;[BIILjava/security/ProtectionDomain;Ljava/lang/String;)Ljava/lang/Class; (0 bytes) @ 0x00000001044ee911 [0x00000001044ee880+0x91]
J 584 C1 java.lang.ClassLoader.defineClass(Ljava/lang/String;[BIILjava/security/ProtectionDomain;)Ljava/lang/Class; (43 bytes) @ 0x00000001044bd95c [0x00000001044bd380+0x5dc]
J 2889 C1 java.security.SecureClassLoader.defineClass(Ljava/lang/String;[BIILjava/security/CodeSource;)Ljava/lang/Class; (16 bytes) @ 0x0000000104c6d694 [0x0000000104c6d540+0x154]
J 2980 C2 java.net.URLClassLoader$1.run()Ljava/lang/Object; (5 bytes) @ 0x0000000104e0b6a0 [0x0000000104e08da0+0x2900]
v  ~StubRoutines::call_stub
J 306  java.security.AccessController.doPrivileged(Ljava/security/PrivilegedExceptionAction;Ljava/security/AccessControlContext;)Ljava/lang/Object; (0 bytes) @ 0x00000001043dd4e3 [0x00000001043dd480+0x63]
J 1188 C2 java.net.URLClassLoader.findClass(Ljava/lang/String;)Ljava/lang/Class; (47 bytes) @ 0x0000000104644dfc [0x0000000104644d60+0x9c]
J 1465 C2 java.lang.ClassLoader.loadClass(Ljava/lang/String;Z)Ljava/lang/Class; (122 bytes) @ 0x000000010485be90 [0x000000010485ba80+0x410]
J 2978 C2 java.lang.ClassLoader.loadClass(Ljava/lang/String;)Ljava/lang/Class; (7 bytes) @ 0x0000000104cb74e0 [0x0000000104cb74a0+0x40]
v  ~StubRoutines::call_stub
j  com.google.common.io.ByteSource.asCharSource(Ljava/nio/charset/Charset;)Lcom/google/common/io/CharSource;+0
j  com.google.common.io.Files.asCharSource(Ljava/io/File;Ljava/nio/charset/Charset;)Lcom/google/common/io/CharSource;+5
j  com.google.common.io.Files.newReaderSupplier(Ljava/io/File;Ljava/nio/charset/Charset;)Lcom/google/common/io/InputSupplier;+2
j  com.google.common.io.Files.readLines(Ljava/io/File;Ljava/nio/charset/Charset;Lcom/google/common/io/LineProcessor;)Ljava/lang/Object;+2
j  com.google.common.io.Files.readLines(Ljava/io/File;Ljava/nio/charset/Charset;)Ljava/util/List;+9
j  com.android.builder.internal.SymbolLoader.load()V+7
j  com.android.builder.core.AndroidBuilder.processResources(Lcom/android/builder/core/AaptPackageProcessBuilder;ZLcom/android/ide/common/process/ProcessOutputHandler;)V+271
j  com.android.build.gradle.tasks.ProcessAndroidResources.doFullTaskAction()V+250
j  com.android.build.gradle.internal.tasks.IncrementalTask.taskAction(Lorg/gradle/api/tasks/incremental/IncrementalTaskInputs;)V+8
v  ~StubRoutines::call_stub
J 1173  sun.reflect.NativeMethodAccessorImpl.invoke0(Ljava/lang/reflect/Method;Ljava/lang/Object;[Ljava/lang/Object;)Ljava/lang/Object; (0 bytes) @ 0x0000000104631d77 [0x0000000104631d00+0x77]
J 1172 C1 sun.reflect.NativeMethodAccessorImpl.invoke(Ljava/lang/Object;[Ljava/lang/Object;)Ljava/lang/Object; (104 bytes) @ 0x0000000104635714 [0x0000000104634540+0x11d4]
J 747 C1 sun.reflect.DelegatingMethodAccessorImpl.invoke(Ljava/lang/Object;[Ljava/lang/Object;)Ljava/lang/Object; (10 bytes) @ 0x000000010452370c [0x0000000104523600+0x10c]
J 746 C1 java.lang.reflect.Method.invoke(Ljava/lang/Object;[Ljava/lang/Object;)Ljava/lang/Object; (62 bytes) @ 0x0000000104522794 [0x00000001045223a0+0x3f4]
J 3496 C1 org.gradle.internal.reflect.JavaMethod.invoke(Ljava/lang/Object;[Ljava/lang/Object;)Ljava/lang/Object; (74 bytes) @ 0x0000000104dc0c64 [0x0000000104dc0be0+0x84]
j  org.gradle.api.internal.project.taskfactory.AnnotationProcessingTaskFactory$IncrementalTaskAction.doExecute(Lorg/gradle/api/Task;Ljava/lang/String;)V+35
j  org.gradle.api.internal.project.taskfactory.AnnotationProcessingTaskFactory$StandardTaskAction.execute(Lorg/gradle/api/Task;)V+32
j  org.gradle.api.internal.project.taskfactory.AnnotationProcessingTaskFactory$IncrementalTaskAction.execute(Lorg/gradle/api/Task;)V+2
j  org.gradle.api.internal.project.taskfactory.AnnotationProcessingTaskFactory$StandardTaskAction.execute(Ljava/lang/Object;)V+5
j  org.gradle.api.internal.tasks.execution.ExecuteActionsTaskExecuter.executeAction(Lorg/gradle/api/internal/TaskInternal;Lorg/gradle/api/internal/tasks/ContextAwareTaskAction;Lorg/gradle/api/internal/tasks/TaskExecutionContext;)V+9
j  org.gradle.api.internal.tasks.execution.ExecuteActionsTaskExecuter.executeActions(Lorg/gradle/api/internal/TaskInternal;Lorg/gradle/api/internal/tasks/TaskStateInternal;Lorg/gradle/api/internal/tasks/TaskExecutionContext;)Lorg/gradle/api/GradleException;+79
j  org.gradle.api.internal.tasks.execution.ExecuteActionsTaskExecuter.execute(Lorg/gradle/api/internal/TaskInternal;Lorg/gradle/api/internal/tasks/TaskStateInternal;Lorg/gradle/api/internal/tasks/TaskExecutionContext;)V+19
j  org.gradle.api.internal.tasks.execution.PostExecutionAnalysisTaskExecuter.execute(Lorg/gradle/api/internal/TaskInternal;Lorg/gradle/api/internal/tasks/TaskStateInternal;Lorg/gradle/api/internal/tasks/TaskExecutionContext;)V+7
j  org.gradle.api.internal.tasks.execution.SkipUpToDateTaskExecuter.execute(Lorg/gradle/api/internal/TaskInternal;Lorg/gradle/api/internal/tasks/TaskStateInternal;Lorg/gradle/api/internal/tasks/TaskExecutionContext;)V+133
j  org.gradle.api.internal.tasks.execution.ValidatingTaskExecuter.execute(Lorg/gradle/api/internal/TaskInternal;Lorg/gradle/api/internal/tasks/TaskStateInternal;Lorg/gradle/api/internal/tasks/TaskExecutionContext;)V+215
j  org.gradle.api.internal.tasks.execution.SkipEmptySourceFilesTaskExecuter.execute(Lorg/gradle/api/internal/TaskInternal;Lorg/gradle/api/internal/tasks/TaskStateInternal;Lorg/gradle/api/internal/tasks/TaskExecutionContext;)V+111
j  org.gradle.api.internal.tasks.execution.SkipTaskWithNoActionsExecuter.execute(Lorg/gradle/api/internal/TaskInternal;Lorg/gradle/api/internal/tasks/TaskStateInternal;Lorg/gradle/api/internal/tasks/TaskExecutionContext;)V+110
j  org.gradle.api.internal.tasks.execution.SkipOnlyIfTaskExecuter.execute(Lorg/gradle/api/internal/TaskInternal;Lorg/gradle/api/internal/tasks/TaskStateInternal;Lorg/gradle/api/internal/tasks/TaskExecutionContext;)V+84
j  org.gradle.api.internal.tasks.execution.ExecuteAtMostOnceTaskExecuter.execute(Lorg/gradle/api/internal/TaskInternal;Lorg/gradle/api/internal/tasks/TaskStateInternal;Lorg/gradle/api/internal/tasks/TaskExecutionContext;)V+26
j  org.gradle.execution.taskgraph.DefaultTaskGraphExecuter$EventFiringTaskWorker.execute(Lorg/gradle/api/internal/TaskInternal;)V+106
j  org.gradle.execution.taskgraph.DefaultTaskGraphExecuter$EventFiringTaskWorker.execute(Ljava/lang/Object;)V+5
j  org.gradle.execution.taskgraph.AbstractTaskPlanExecutor$TaskExecutorWorker.processTask(Lorg/gradle/execution/taskgraph/TaskInfo;)V+8
j  org.gradle.execution.taskgraph.AbstractTaskPlanExecutor$TaskExecutorWorker.run()V+56
j  org.gradle.execution.taskgraph.DefaultTaskPlanExecutor.process(Lorg/gradle/execution/taskgraph/TaskExecutionPlan;Lorg/gradle/api/Action;)V+6
j  org.gradle.execution.taskgraph.DefaultTaskGraphExecuter.execute()V+65
j  org.gradle.execution.SelectedTaskExecutionAction.execute(Lorg/gradle/execution/BuildExecutionContext;)V+55
j  org.gradle.execution.DefaultBuildExecuter.execute(Lorg/gradle/api/internal/GradleInternal;I)V+37
j  org.gradle.execution.DefaultBuildExecuter.access$000(Lorg/gradle/execution/DefaultBuildExecuter;Lorg/gradle/api/internal/GradleInternal;I)V+3
j  org.gradle.execution.DefaultBuildExecuter$1.proceed()V+14
j  org.gradle.execution.DryRunBuildExecutionAction.execute(Lorg/gradle/execution/BuildExecutionContext;)V+68
j  org.gradle.execution.DefaultBuildExecuter.execute(Lorg/gradle/api/internal/GradleInternal;I)V+37
j  org.gradle.execution.DefaultBuildExecuter.execute(Lorg/gradle/api/internal/GradleInternal;)V+3
j  org.gradle.initialization.DefaultGradleLauncher$4.run()V+14
J 4716 C1 org.gradle.internal.Factories$1.create()Ljava/lang/Object; (11 bytes) @ 0x0000000104addef4 [0x0000000104adde80+0x74]
j  org.gradle.internal.progress.DefaultBuildOperationExecutor.run(Lorg/gradle/internal/progress/BuildOperationDetails;Lorg/gradle/internal/Factory;)Ljava/lang/Object;+171
j  org.gradle.internal.progress.DefaultBuildOperationExecutor.run(Ljava/lang/String;Ljava/lang/Runnable;)V+12
j  org.gradle.initialization.DefaultGradleLauncher.doBuildStages(Lorg/gradle/initialization/DefaultGradleLauncher$Stage;)V+85
j  org.gradle.initialization.DefaultGradleLauncher.access$200(Lorg/gradle/initialization/DefaultGradleLauncher;Lorg/gradle/initialization/DefaultGradleLauncher$Stage;)V+2
j  org.gradle.initialization.DefaultGradleLauncher$1.create()Lorg/gradle/BuildResult;+29
j  org.gradle.initialization.DefaultGradleLauncher$1.create()Ljava/lang/Object;+1
j  org.gradle.internal.progress.DefaultBuildOperationExecutor.run(Lorg/gradle/internal/progress/BuildOperationDetails;Lorg/gradle/internal/Factory;)Ljava/lang/Object;+171
j  org.gradle.internal.progress.DefaultBuildOperationExecutor.run(Ljava/lang/String;Lorg/gradle/internal/Factory;)Ljava/lang/Object;+9
j  org.gradle.initialization.DefaultGradleLauncher.doBuild(Lorg/gradle/initialization/DefaultGradleLauncher$Stage;)Lorg/gradle/BuildResult;+25
j  org.gradle.initialization.DefaultGradleLauncher.run()Lorg/gradle/BuildResult;+4
j  org.gradle.launcher.exec.InProcessBuildActionExecuter$DefaultBuildController.run()Lorg/gradle/api/internal/GradleInternal;+4
j  org.gradle.tooling.internal.provider.runner.BuildModelActionRunner.run(Lorg/gradle/internal/invocation/BuildAction;Lorg/gradle/internal/invocation/BuildController;)V+29
j  org.gradle.launcher.exec.ChainingBuildActionRunner.run(Lorg/gradle/internal/invocation/BuildAction;Lorg/gradle/internal/invocation/BuildController;)V+34
j  org.gradle.tooling.internal.provider.runner.SubscribableBuildActionRunner.run(Lorg/gradle/internal/invocation/BuildAction;Lorg/gradle/internal/invocation/BuildController;)V+37
j  org.gradle.launcher.exec.ChainingBuildActionRunner.run(Lorg/gradle/internal/invocation/BuildAction;Lorg/gradle/internal/invocation/BuildController;)V+34
j  org.gradle.launcher.exec.InProcessBuildActionExecuter.execute(Lorg/gradle/internal/invocation/BuildAction;Lorg/gradle/initialization/BuildRequestContext;Lorg/gradle/launcher/exec/BuildActionParameters;Lorg/gradle/internal/service/ServiceRegistry;)Ljava/lang/Object;+63
j  org.gradle.launcher.exec.InProcessBuildActionExecuter.execute(Lorg/gradle/internal/invocation/BuildAction;Lorg/gradle/initialization/BuildRequestContext;Ljava/lang/Object;Lorg/gradle/internal/service/ServiceRegistry;)Ljava/lang/Object;+9
j  org.gradle.launcher.exec.ContinuousBuildActionExecuter.execute(Lorg/gradle/internal/invocation/BuildAction;Lorg/gradle/initialization/BuildRequestContext;Lorg/gradle/launcher/exec/BuildActionParameters;Lorg/gradle/internal/service/ServiceRegistry;)Ljava/lang/Object;+70
j  org.gradle.launcher.exec.ContinuousBuildActionExecuter.execute(Lorg/gradle/internal/invocation/BuildAction;Lorg/gradle/initialization/BuildRequestContext;Ljava/lang/Object;Lorg/gradle/internal/service/ServiceRegistry;)Ljava/lang/Object;+9
j  org.gradle.launcher.daemon.server.exec.ExecuteBuild.doBuild(Lorg/gradle/launcher/daemon/server/api/DaemonCommandExecution;Lorg/gradle/launcher/daemon/protocol/Build;)V+74
j  org.gradle.launcher.daemon.server.exec.BuildCommandOnly.execute(Lorg/gradle/launcher/daemon/server/api/DaemonCommandExecution;)V+49
j  org.gradle.launcher.daemon.server.api.DaemonCommandExecution.proceed()Z+28
j  org.gradle.launcher.daemon.server.exec.WatchForDisconnection.execute(Lorg/gradle/launcher/daemon/server/api/DaemonCommandExecution;)V+19
j  org.gradle.launcher.daemon.server.api.DaemonCommandExecution.proceed()Z+28
j  org.gradle.launcher.daemon.server.exec.ResetDeprecationLogger.execute(Lorg/gradle/launcher/daemon/server/api/DaemonCommandExecution;)V+4
j  org.gradle.launcher.daemon.server.api.DaemonCommandExecution.proceed()Z+28
j  org.gradle.launcher.daemon.server.exec.RequestStopIfSingleUsedDaemon.execute(Lorg/gradle/launcher/daemon/server/api/DaemonCommandExecution;)V+31
j  org.gradle.launcher.daemon.server.api.DaemonCommandExecution.proceed()Z+28
j  org.gradle.launcher.daemon.server.exec.ForwardClientInput$2.call()Ljava/lang/Void;+4
j  org.gradle.launcher.daemon.server.exec.ForwardClientInput$2.call()Ljava/lang/Object;+1
j  org.gradle.util.Swapper.swap(Ljava/lang/Object;Ljava/util/concurrent/Callable;)Ljava/lang/Object;+21
j  org.gradle.launcher.daemon.server.exec.ForwardClientInput.execute(Lorg/gradle/launcher/daemon/server/api/DaemonCommandExecution;)V+63
j  org.gradle.launcher.daemon.server.api.DaemonCommandExecution.proceed()Z+28
j  org.gradle.launcher.daemon.server.health.DaemonHealthTracker.execute(Lorg/gradle/launcher/daemon/server/api/DaemonCommandExecution;)V+35
j  org.gradle.launcher.daemon.server.api.DaemonCommandExecution.proceed()Z+28
j  org.gradle.launcher.daemon.server.exec.LogToClient.doBuild(Lorg/gradle/launcher/daemon/server/api/DaemonCommandExecution;Lorg/gradle/launcher/daemon/protocol/Build;)V+97
j  org.gradle.launcher.daemon.server.exec.BuildCommandOnly.execute(Lorg/gradle/launcher/daemon/server/api/DaemonCommandExecution;)V+49
j  org.gradle.launcher.daemon.server.api.DaemonCommandExecution.proceed()Z+28
j  org.gradle.launcher.daemon.server.exec.EstablishBuildEnvironment.doBuild(Lorg/gradle/launcher/daemon/server/api/DaemonCommandExecution;Lorg/gradle/launcher/daemon/protocol/Build;)V+279
j  org.gradle.launcher.daemon.server.exec.BuildCommandOnly.execute(Lorg/gradle/launcher/daemon/server/api/DaemonCommandExecution;)V+49
j  org.gradle.launcher.daemon.server.api.DaemonCommandExecution.proceed()Z+28
j  org.gradle.launcher.daemon.server.health.HintGCAfterBuild.execute(Lorg/gradle/launcher/daemon/server/api/DaemonCommandExecution;)V+1
j  org.gradle.launcher.daemon.server.api.DaemonCommandExecution.proceed()Z+28
j  org.gradle.launcher.daemon.server.exec.StartBuildOrRespondWithBusy$1.run()V+44
j  org.gradle.launcher.daemon.server.DaemonStateCoordinator$1.run()V+4
j  org.gradle.internal.concurrent.ExecutorPolicy$CatchAndRecordFailures.onExecute(Ljava/lang/Runnable;)V+1
j  org.gradle.internal.concurrent.StoppableExecutorImpl$1.run()V+25
j  java.util.concurrent.ThreadPoolExecutor.runWorker(Ljava/util/concurrent/ThreadPoolExecutor$Worker;)V+95
j  java.util.concurrent.ThreadPoolExecutor$Worker.run()V+5
j  java.lang.Thread.run()V+11
v  ~StubRoutines::call_stub

---------------  P R O C E S S  ---------------

Java Threads: ( => current thread )
  0x00007fdf81607800 JavaThread "pool-1-thread-1" [_thread_blocked, id=12039, stack(0x000000011bd03000,0x000000011be03000)]
  0x00007fdf7ea51000 JavaThread "File lock request listener" [_thread_in_native, id=22787, stack(0x000000011cb08000,0x000000011cc08000)]
  0x00007fdf7ea2f000 JavaThread "process reaper" daemon [_thread_blocked, id=22275, stack(0x0000000119e28000,0x0000000119e50000)]
  0x00007fdf7c3d3800 JavaThread "Stdin handler" [_thread_blocked, id=21763, stack(0x000000011ac48000,0x000000011ad48000)]
=>0x00007fdf7c944800 JavaThread "Daemon worker" [_thread_in_vm, id=21251, stack(0x000000011a945000,0x000000011aa45000)]
  0x00007fdf7c3dd800 JavaThread "Cancel handler" [_thread_blocked, id=20739, stack(0x000000011a842000,0x000000011a942000)]
  0x00007fdf7c8e7800 JavaThread "Handler for socket connection from /127.0.0.1:49280 to /127.0.0.1:49281" [_thread_in_native, id=20227, stack(0x000000011a73f000,0x000000011a83f000)]
  0x00007fdf7c3af800 JavaThread "Daemon" [_thread_blocked, id=19715, stack(0x000000011a63c000,0x000000011a73c000)]
  0x00007fdf7c8e0000 JavaThread "Incoming local TCP Connector on port 49280" [_thread_in_native, id=19203, stack(0x000000011a539000,0x000000011a639000)]
  0x00007fdf7d016800 JavaThread "Service Thread" daemon [_thread_blocked, id=18179, stack(0x0000000119a68000,0x0000000119b68000)]
  0x00007fdf7d01f000 JavaThread "C1 CompilerThread2" daemon [_thread_blocked, id=17667, stack(0x0000000119965000,0x0000000119a65000)]
  0x00007fdf7d01e800 JavaThread "C2 CompilerThread1" daemon [_thread_blocked, id=17155, stack(0x0000000119862000,0x0000000119962000)]
  0x00007fdf7d016000 JavaThread "C2 CompilerThread0" daemon [_thread_blocked, id=16643, stack(0x000000011975f000,0x000000011985f000)]
  0x00007fdf7c064000 JavaThread "Signal Dispatcher" daemon [_thread_blocked, id=13579, stack(0x000000011965c000,0x000000011975c000)]
  0x00007fdf7d00d800 JavaThread "Finalizer" daemon [_thread_blocked, id=11523, stack(0x0000000117c2d000,0x0000000117d2d000)]
  0x00007fdf7c010800 JavaThread "Reference Handler" daemon [_thread_blocked, id=11011, stack(0x0000000117b2a000,0x0000000117c2a000)]
  0x00007fdf7c013000 JavaThread "main" [_thread_blocked, id=4867, stack(0x00000001038c7000,0x00000001039c7000)]

Other Threads:
  0x00007fdf7d00d000 VMThread [stack: 0x0000000117a27000,0x0000000117b27000] [id=10499]
  0x00007fdf7c84c800 WatcherThread [stack: 0x0000000119b6b000,0x0000000119c6b000] [id=18691]

VM state:not at safepoint (normal execution)

VM Mutex/Monitor currently owned by a thread: None

Heap:
 PSYoungGen      total 102912K, used 91212K [0x00000007aab00000, 0x00000007b2a80000, 0x00000007c0000000)
  eden space 92672K, 87% used [0x00000007aab00000,0x00000007afa17208,0x00000007b0580000)
  from space 10240K, 99% used [0x00000007b1280000,0x00000007b1c7beb0,0x00000007b1c80000)
  to   space 13312K, 0% used [0x00000007b0580000,0x00000007b0580000,0x00000007b1280000)
 ParOldGen       total 100864K, used 24327K [0x0000000780000000, 0x0000000786280000, 0x00000007aab00000)
  object space 100864K, 24% used [0x0000000780000000,0x00000007817c1d28,0x0000000786280000)
 Metaspace       used 45941K, capacity 46924K, committed 47104K, reserved 1089536K
  class space    used 6318K, capacity 6616K, committed 6656K, reserved 1048576K

Card table byte_map: [0x00000001135f5000,0x00000001137f6000] byte_map_base: 0x000000010f9f5000

Marking Bits: (ParMarkBitMap*) 0x0000000103204e20
 Begin Bits: [0x0000000113d58000, 0x0000000114d58000)
 End Bits:   [0x0000000114d58000, 0x0000000115d58000)

Polling page: 0x00000001039d7000

CodeCache: size=245760Kb used=19056Kb max_used=19067Kb free=226703Kb
 bounds [0x0000000104235000, 0x00000001054f5000, 0x0000000113235000]
 total_blobs=6437 nmethods=5743 adapters=606
 compilation: enabled

Compilation events (10 events):
Event: 22.235 Thread 0x00007fdf7d01f000 6518       3       java.util.concurrent.CopyOnWriteArrayList$COWIterator::hasNext (18 bytes)
Event: 22.235 Thread 0x00007fdf7d01f000 nmethod 6518 0x00000001054cfe10 code [0x00000001054cff80, 0x00000001054d0150]
Event: 22.235 Thread 0x00007fdf7d01f000 6519       3       java.lang.Thread::isInterrupted (6 bytes)
Event: 22.236 Thread 0x00007fdf7d01f000 nmethod 6519 0x00000001054cfa90 code [0x00000001054cfc00, 0x00000001054cfd88]
Event: 22.267 Thread 0x00007fdf7d01f000 6520       3       com.sun.org.apache.xerces.internal.impl.dtd.XMLElementDecl::<init> (37 bytes)
Event: 22.267 Thread 0x00007fdf7d01f000 nmethod 6520 0x00000001054cf210 code [0x00000001054cf3a0, 0x00000001054cf890]
Event: 22.267 Thread 0x00007fdf7d01f000 6521       3       com.sun.org.apache.xerces.internal.impl.dtd.XMLAttributeDecl::<init> (27 bytes)
Event: 22.268 Thread 0x00007fdf7d01f000 nmethod 6521 0x00000001054ce990 code [0x00000001054ceb20, 0x00000001054cf010]
Event: 22.268 Thread 0x00007fdf7d01f000 6522       3       com.sun.org.apache.xpath.internal.compiler.OpMapVector::elementAt (7 bytes)
Event: 22.268 Thread 0x00007fdf7d01f000 nmethod 6522 0x00000001054ce5d0 code [0x00000001054ce740, 0x00000001054ce8b0]

GC Heap History (10 events):
Event: 14.232 GC heap before
{Heap before GC invocations=12 (full 1):
 PSYoungGen      total 76288K, used 51822K [0x00000007aab00000, 0x00000007b0080000, 0x00000007c0000000)
  eden space 66560K, 68% used [0x00000007aab00000,0x00000007ad768010,0x00000007aec00000)
  from space 9728K, 65% used [0x00000007af580000,0x00000007afbb38e0,0x00000007aff00000)
  to   space 9728K, 0% used [0x00000007aec00000,0x00000007aec00000,0x00000007af580000)
 ParOldGen       total 59904K, used 10100K [0x0000000780000000, 0x0000000783a80000, 0x00000007aab00000)
  object space 59904K, 16% used [0x0000000780000000,0x00000007809dd128,0x0000000783a80000)
 Metaspace       used 34611K, capacity 35270K, committed 35456K, reserved 1079296K
  class space    used 4738K, capacity 4913K, committed 4992K, reserved 1048576K
Event: 14.249 GC heap after
Heap after GC invocations=12 (full 1):
 PSYoungGen      total 76288K, used 8074K [0x00000007aab00000, 0x00000007b1880000, 0x00000007c0000000)
  eden space 66560K, 0% used [0x00000007aab00000,0x00000007aab00000,0x00000007aec00000)
  from space 9728K, 82% used [0x00000007aec00000,0x00000007af3e2820,0x00000007af580000)
  to   space 10240K, 0% used [0x00000007b0e80000,0x00000007b0e80000,0x00000007b1880000)
 ParOldGen       total 59904K, used 12468K [0x0000000780000000, 0x0000000783a80000, 0x00000007aab00000)
  object space 59904K, 20% used [0x0000000780000000,0x0000000780c2d178,0x0000000783a80000)
 Metaspace       used 34611K, capacity 35270K, committed 35456K, reserved 1079296K
  class space    used 4738K, capacity 4913K, committed 4992K, reserved 1048576K
}
Event: 14.249 GC heap before
{Heap before GC invocations=13 (full 2):
 PSYoungGen      total 76288K, used 8074K [0x00000007aab00000, 0x00000007b1880000, 0x00000007c0000000)
  eden space 66560K, 0% used [0x00000007aab00000,0x00000007aab00000,0x00000007aec00000)
  from space 9728K, 82% used [0x00000007aec00000,0x00000007af3e2820,0x00000007af580000)
  to   space 10240K, 0% used [0x00000007b0e80000,0x00000007b0e80000,0x00000007b1880000)
 ParOldGen       total 59904K, used 12468K [0x0000000780000000, 0x0000000783a80000, 0x00000007aab00000)
  object space 59904K, 20% used [0x0000000780000000,0x0000000780c2d178,0x0000000783a80000)
 Metaspace       used 34611K, capacity 35270K, committed 35456K, reserved 1079296K
  class space    used 4738K, capacity 4913K, committed 4992K, reserved 1048576K
Event: 14.438 GC heap after
Heap after GC invocations=13 (full 2):
 PSYoungGen      total 76288K, used 0K [0x00000007aab00000, 0x00000007b1880000, 0x00000007c0000000)
  eden space 66560K, 0% used [0x00000007aab00000,0x00000007aab00000,0x00000007aec00000)
  from space 9728K, 0% used [0x00000007aec00000,0x00000007aec00000,0x00000007af580000)
  to   space 10240K, 0% used [0x00000007b0e80000,0x00000007b0e80000,0x00000007b1880000)
 ParOldGen       total 100864K, used 19781K [0x0000000780000000, 0x0000000786280000, 0x00000007aab00000)
  object space 100864K, 19% used [0x0000000780000000,0x00000007813515e0,0x0000000786280000)
 Metaspace       used 34611K, capacity 35270K, committed 35456K, reserved 1079296K
  class space    used 4738K, capacity 4913K, committed 4992K, reserved 1048576K
}
Event: 15.824 GC heap before
{Heap before GC invocations=14 (full 2):
 PSYoungGen      total 76288K, used 66560K [0x00000007aab00000, 0x00000007b1880000, 0x00000007c0000000)
  eden space 66560K, 100% used [0x00000007aab00000,0x00000007aec00000,0x00000007aec00000)
  from space 9728K, 0% used [0x00000007aec00000,0x00000007aec00000,0x00000007af580000)
  to   space 10240K, 0% used [0x00000007b0e80000,0x00000007b0e80000,0x00000007b1880000)
 ParOldGen       total 100864K, used 19781K [0x0000000780000000, 0x0000000786280000, 0x00000007aab00000)
  object space 100864K, 19% used [0x0000000780000000,0x00000007813515e0,0x0000000786280000)
 Metaspace       used 37481K, capacity 38256K, committed 38656K, reserved 1083392K
  class space    used 5078K, capacity 5288K, committed 5376K, reserved 1048576K
Event: 15.828 GC heap after
Heap after GC invocations=14 (full 2):
 PSYoungGen      total 85504K, used 4836K [0x00000007aab00000, 0x00000007b1380000, 0x00000007c0000000)
  eden space 80384K, 0% used [0x00000007aab00000,0x00000007aab00000,0x00000007af980000)
  from space 5120K, 94% used [0x00000007b0e80000,0x00000007b1339130,0x00000007b1380000)
  to   space 10240K, 0% used [0x00000007aff80000,0x00000007aff80000,0x00000007b0980000)
 ParOldGen       total 100864K, used 19789K [0x0000000780000000, 0x0000000786280000, 0x00000007aab00000)
  object space 100864K, 19% used [0x0000000780000000,0x00000007813535e0,0x0000000786280000)
 Metaspace       used 37481K, capacity 38256K, committed 38656K, reserved 1083392K
  class space    used 5078K, capacity 5288K, committed 5376K, reserved 1048576K
}
Event: 17.903 GC heap before
{Heap before GC invocations=15 (full 2):
 PSYoungGen      total 85504K, used 85220K [0x00000007aab00000, 0x00000007b1380000, 0x00000007c0000000)
  eden space 80384K, 100% used [0x00000007aab00000,0x00000007af980000,0x00000007af980000)
  from space 5120K, 94% used [0x00000007b0e80000,0x00000007b1339130,0x00000007b1380000)
  to   space 10240K, 0% used [0x00000007aff80000,0x00000007aff80000,0x00000007b0980000)
 ParOldGen       total 100864K, used 19789K [0x0000000780000000, 0x0000000786280000, 0x00000007aab00000)
  object space 100864K, 19% used [0x0000000780000000,0x00000007813535e0,0x0000000786280000)
 Metaspace       used 38981K, capacity 39688K, committed 40064K, reserved 1083392K
  class space    used 5272K, capacity 5420K, committed 5504K, reserved 1048576K
Event: 17.911 GC heap after
Heap after GC invocations=15 (full 2):
 PSYoungGen      total 96768K, used 7926K [0x00000007aab00000, 0x00000007b1c80000, 0x00000007c0000000)
  eden space 86528K, 0% used [0x00000007aab00000,0x00000007aab00000,0x00000007aff80000)
  from space 10240K, 77% used [0x00000007aff80000,0x00000007b073d850,0x00000007b0980000)
  to   space 10240K, 0% used [0x00000007b1280000,0x00000007b1280000,0x00000007b1c80000)
 ParOldGen       total 100864K, used 19797K [0x0000000780000000, 0x0000000786280000, 0x00000007aab00000)
  object space 100864K, 19% used [0x0000000780000000,0x00000007813555e0,0x0000000786280000)
 Metaspace       used 38981K, capacity 39688K, committed 40064K, reserved 1083392K
  class space    used 5272K, capacity 5420K, committed 5504K, reserved 1048576K
}
Event: 19.509 GC heap before
{Heap before GC invocations=16 (full 2):
 PSYoungGen      total 96768K, used 94454K [0x00000007aab00000, 0x00000007b1c80000, 0x00000007c0000000)
  eden space 86528K, 100% used [0x00000007aab00000,0x00000007aff80000,0x00000007aff80000)
  from space 10240K, 77% used [0x00000007aff80000,0x00000007b073d850,0x00000007b0980000)
  to   space 10240K, 0% used [0x00000007b1280000,0x00000007b1280000,0x00000007b1c80000)
 ParOldGen       total 100864K, used 19797K [0x0000000780000000, 0x0000000786280000, 0x00000007aab00000)
  object space 100864K, 19% used [0x0000000780000000,0x00000007813555e0,0x0000000786280000)
 Metaspace       used 42180K, capacity 43020K, committed 43136K, reserved 1087488K
  class space    used 5816K, capacity 6002K, committed 6016K, reserved 1048576K
Event: 19.529 GC heap after
Heap after GC invocations=16 (full 2):
 PSYoungGen      total 102912K, used 10223K [0x00000007aab00000, 0x00000007b2a80000, 0x00000007c0000000)
  eden space 92672K, 0% used [0x00000007aab00000,0x00000007aab00000,0x00000007b0580000)
  from space 10240K, 99% used [0x00000007b1280000,0x00000007b1c7beb0,0x00000007b1c80000)
  to   space 13312K, 0% used [0x00000007b0580000,0x00000007b0580000,0x00000007b1280000)
 ParOldGen       total 100864K, used 24327K [0x0000000780000000, 0x0000000786280000, 0x00000007aab00000)
  object space 100864K, 24% used [0x0000000780000000,0x00000007817c1d28,0x0000000786280000)
 Metaspace       used 42180K, capacity 43020K, committed 43136K, reserved 1087488K
  class space    used 5816K, capacity 6002K, committed 6016K, reserved 1048576K
}

Deoptimization events (10 events):
Event: 21.154 Thread 0x00007fdf7c944800 Uncommon trap: reason=unstable_if action=reinterpret pc=0x0000000104b6afc4 method=com.sun.org.apache.xerces.internal.dom.ParentNode.nodeListItem(I)Lorg/w3c/dom/Node; @ 101
Event: 21.154 Thread 0x00007fdf7c944800 Uncommon trap: reason=unstable_if action=reinterpret pc=0x0000000104aec284 method=com.sun.org.apache.xerces.internal.dom.ParentNode.nodeListItem(I)Lorg/w3c/dom/Node; @ 101
Event: 21.259 Thread 0x00007fdf7c944800 Uncommon trap: reason=unstable_if action=reinterpret pc=0x0000000105403f2c method=java.util.Arrays.equals([B[B)Z @ 2
Event: 21.288 Thread 0x00007fdf7c944800 Uncommon trap: reason=bimorphic action=maybe_recompile pc=0x0000000104ae3ea4 method=java.io.BufferedInputStream.read1([BII)I @ 39
Event: 21.290 Thread 0x00007fdf7c944800 Uncommon trap: reason=bimorphic action=maybe_recompile pc=0x0000000104a92e88 method=java.io.BufferedInputStream.read1([BII)I @ 39
Event: 21.435 Thread 0x00007fdf815e0000 Uncommon trap: reason=unstable_if action=reinterpret pc=0x000000010462adcc method=java.util.concurrent.locks.AbstractQueuedSynchronizer.release(I)Z @ 14
Event: 21.436 Thread 0x00007fdf7c944800 Uncommon trap: reason=unstable_if action=reinterpret pc=0x0000000104a1b594 method=java.util.concurrent.locks.AbstractQueuedSynchronizer.release(I)Z @ 14
Event: 22.235 Thread 0x00007fdf82381800 Uncommon trap: reason=unstable_if action=reinterpret pc=0x0000000104a9d644 method=java.util.concurrent.locks.AbstractQueuedSynchronizer.acquire(I)V @ 5
Event: 22.236 Thread 0x00007fdf815e0000 Uncommon trap: reason=unstable_if action=reinterpret pc=0x00000001049da3f4 method=java.util.concurrent.locks.AbstractQueuedSynchronizer.acquire(I)V @ 5
Event: 22.268 Thread 0x00007fdf7c944800 Uncommon trap: reason=unstable_if action=reinterpret pc=0x00000001049a874c method=com.sun.org.apache.xerces.internal.dom.ChildNode.getParentNode()Lorg/w3c/dom/Node; @ 4

Internal exceptions (10 events):
Event: 20.162 Thread 0x00007fdf7c944800 Exception <a 'java/lang/ClassNotFoundException': java/io/FileBeanInfo> (0x00000007ac4502d8) thrown at [/Users/java_re/workspace/8-2-build-macosx-x86_64/jdk8u60/4407/hotspot/src/share/vm/classfile/systemDictionary.cpp, line 210]
Event: 20.162 Thread 0x00007fdf7c944800 Exception <a 'java/lang/ClassNotFoundException': java/io/FileCustomizer> (0x00000007ac456118) thrown at [/Users/java_re/workspace/8-2-build-macosx-x86_64/jdk8u60/4407/hotspot/src/share/vm/classfile/systemDictionary.cpp, line 210]
Event: 20.168 Thread 0x00007fdf7c944800 Exception <a 'java/lang/ClassNotFoundException': com/android/sdklib/BuildToolInfoBeanInfo> (0x00000007ac4ac9f0) thrown at [/Users/java_re/workspace/8-2-build-macosx-x86_64/jdk8u60/4407/hotspot/src/share/vm/classfile/systemDictionary.cpp, line 210]
Event: 20.169 Thread 0x00007fdf7c944800 Exception <a 'java/lang/ClassNotFoundException': com/android/sdklib/BuildToolInfoCustomizer> (0x00000007ac4bc660) thrown at [/Users/java_re/workspace/8-2-build-macosx-x86_64/jdk8u60/4407/hotspot/src/share/vm/classfile/systemDictionary.cpp, line 210]
Event: 20.197 Thread 0x00007fdf7c944800 Exception <a 'java/lang/ClassNotFoundException': java/lang/IntegerBeanInfo> (0x00000007ac57adb8) thrown at [/Users/java_re/workspace/8-2-build-macosx-x86_64/jdk8u60/4407/hotspot/src/share/vm/classfile/systemDictionary.cpp, line 210]
Event: 20.197 Thread 0x00007fdf7c944800 Exception <a 'java/lang/ClassNotFoundException': java/lang/NumberBeanInfo> (0x00000007ac581050) thrown at [/Users/java_re/workspace/8-2-build-macosx-x86_64/jdk8u60/4407/hotspot/src/share/vm/classfile/systemDictionary.cpp, line 210]
Event: 20.198 Thread 0x00007fdf7c944800 Exception <a 'java/lang/ClassNotFoundException': java/lang/NumberCustomizer> (0x00000007ac587308) thrown at [/Users/java_re/workspace/8-2-build-macosx-x86_64/jdk8u60/4407/hotspot/src/share/vm/classfile/systemDictionary.cpp, line 210]
Event: 20.198 Thread 0x00007fdf7c944800 Exception <a 'java/lang/ClassNotFoundException': java/lang/IntegerCustomizer> (0x00000007ac590f10) thrown at [/Users/java_re/workspace/8-2-build-macosx-x86_64/jdk8u60/4407/hotspot/src/share/vm/classfile/systemDictionary.cpp, line 210]
Event: 20.205 Thread 0x00007fdf7c944800 Exception <a 'java/lang/ClassNotFoundException': com/google/common/collect/ListsBeanInfo> (0x00000007ac603168) thrown at [/Users/java_re/workspace/8-2-build-macosx-x86_64/jdk8u60/4407/hotspot/src/share/vm/classfile/systemDictionary.cpp, line 210]
Event: 20.206 Thread 0x00007fdf7c944800 Exception <a 'java/lang/ClassNotFoundException': com/google/common/collect/ListsCustomizer> (0x00000007ac612ec8) thrown at [/Users/java_re/workspace/8-2-build-macosx-x86_64/jdk8u60/4407/hotspot/src/share/vm/classfile/systemDictionary.cpp, line 210]

Events (10 events):
Event: 22.268 Thread 0x00007fdf7c944800 DEOPT PACKING pc=0x00000001049a874c sp=0x000000011aa415c0
Event: 22.268 Thread 0x00007fdf7c944800 DEOPT UNPACKING pc=0x000000010423a229 sp=0x000000011aa41588 mode 2
Event: 22.268 loading class com/android/builder/internal/SymbolLoader
Event: 22.268 loading class com/android/builder/internal/SymbolLoader done
Event: 22.269 loading class com/google/common/io/Files$1
Event: 22.269 loading class com/google/common/io/Files$1 done
Event: 22.270 loading class com/google/common/io/CharSource$ConcatenatedCharSource
Event: 22.270 loading class com/google/common/io/CharSource$ConcatenatedCharSource done
Event: 22.270 loading class com/google/common/io/CharSource$CharSequenceCharSource
Event: 22.270 loading class com/google/common/io/CharSource$CharSequenceCharSource done


Dynamic libraries:
0x00000000004ed000 	/System/Library/Frameworks/Cocoa.framework/Versions/A/Cocoa
0x00000000004ed000 	/System/Library/Frameworks/Security.framework/Versions/A/Security
0x00000000004ed000 	/System/Library/Frameworks/ApplicationServices.framework/Versions/A/ApplicationServices
0x00000000004ed000 	/usr/lib/libz.1.dylib
0x00000000004ed000 	/usr/lib/libSystem.B.dylib
0x00000000004ed000 	/usr/lib/libobjc.A.dylib
0x00000000004ed000 	/System/Library/Frameworks/CoreFoundation.framework/Versions/A/CoreFoundation
0x00000000004ed000 	/System/Library/Frameworks/Foundation.framework/Versions/C/Foundation
0x00000000004ed000 	/System/Library/Frameworks/AppKit.framework/Versions/C/AppKit
0x00000000004ed000 	/System/Library/Frameworks/CoreData.framework/Versions/A/CoreData
0x00000000004ed000 	/System/Library/PrivateFrameworks/RemoteViewServices.framework/Versions/A/RemoteViewServices
0x00000000004ed000 	/System/Library/PrivateFrameworks/UIFoundation.framework/Versions/A/UIFoundation
0x00000000004ed000 	/System/Library/Frameworks/IOSurface.framework/Versions/A/IOSurface
0x00000000004ed000 	/System/Library/Frameworks/AudioToolbox.framework/Versions/A/AudioToolbox
0x00000000004ed000 	/System/Library/Frameworks/AudioUnit.framework/Versions/A/AudioUnit
0x00000000004ed000 	/System/Library/PrivateFrameworks/DataDetectorsCore.framework/Versions/A/DataDetectorsCore
0x00000000004ed000 	/System/Library/PrivateFrameworks/DesktopServicesPriv.framework/Versions/A/DesktopServicesPriv
0x00000000004ed000 	/System/Library/Frameworks/Carbon.framework/Versions/A/Frameworks/HIToolbox.framework/Versions/A/HIToolbox
0x00000000004ed000 	/System/Library/Frameworks/QuartzCore.framework/Versions/A/QuartzCore
0x00000000004ed000 	/System/Library/Frameworks/Carbon.framework/Versions/A/Frameworks/SpeechRecognition.framework/Versions/A/SpeechRecognition
0x00000000004ed000 	/usr/lib/libauto.dylib
0x00000000004ed000 	/usr/lib/libicucore.A.dylib
0x00000000004ed000 	/usr/lib/libxml2.2.dylib
0x00000000004ed000 	/System/Library/PrivateFrameworks/CoreUI.framework/Versions/A/CoreUI
0x00000000004ed000 	/System/Library/Frameworks/CoreAudio.framework/Versions/A/CoreAudio
0x00000000004ed000 	/System/Library/Frameworks/DiskArbitration.framework/Versions/A/DiskArbitration
0x00000000004ed000 	/usr/lib/liblangid.dylib
0x00000000004ed000 	/System/Library/PrivateFrameworks/MultitouchSupport.framework/Versions/A/MultitouchSupport
0x00000000004ed000 	/System/Library/Frameworks/IOKit.framework/Versions/A/IOKit
0x00000000004ed000 	/usr/lib/libDiagnosticMessagesClient.dylib
0x00000000004ed000 	/System/Library/Frameworks/CoreServices.framework/Versions/A/CoreServices
0x00000000004ed000 	/System/Library/PrivateFrameworks/PerformanceAnalysis.framework/Versions/A/PerformanceAnalysis
0x00000000004ed000 	/System/Library/PrivateFrameworks/GenerationalStorage.framework/Versions/A/GenerationalStorage
0x00000000004ed000 	/System/Library/Frameworks/OpenGL.framework/Versions/A/OpenGL
0x00000000004ed000 	/System/Library/PrivateFrameworks/Sharing.framework/Versions/A/Sharing
0x00000000004ed000 	/System/Library/Frameworks/CoreGraphics.framework/Versions/A/CoreGraphics
0x00000000004ed000 	/System/Library/Frameworks/CoreText.framework/Versions/A/CoreText
0x00000000004ed000 	/System/Library/Frameworks/ImageIO.framework/Versions/A/ImageIO
0x00000000004ed000 	/usr/lib/libextension.dylib
0x00000000004ed000 	/System/Library/PrivateFrameworks/Backup.framework/Versions/A/Backup
0x00000000004ed000 	/usr/lib/libarchive.2.dylib
0x00000000004ed000 	/System/Library/Frameworks/CFNetwork.framework/Versions/A/CFNetwork
0x00000000004ed000 	/System/Library/Frameworks/SystemConfiguration.framework/Versions/A/SystemConfiguration
0x00000000004ed000 	/usr/lib/libCRFSuite.dylib
0x00000000004ed000 	/usr/lib/libc++.1.dylib
0x00000000004ed000 	/usr/lib/libc++abi.dylib
0x00000000004ed000 	/usr/lib/system/libcache.dylib
0x00000000004ed000 	/usr/lib/system/libcommonCrypto.dylib
0x00000000004ed000 	/usr/lib/system/libcompiler_rt.dylib
0x00000000004ed000 	/usr/lib/system/libcopyfile.dylib
0x00000000004ed000 	/usr/lib/system/libcorecrypto.dylib
0x00000000004ed000 	/usr/lib/system/libdispatch.dylib
0x00000000004ed000 	/usr/lib/system/libdyld.dylib
0x00000000004ed000 	/usr/lib/system/libkeymgr.dylib
0x00000000004ed000 	/usr/lib/system/liblaunch.dylib
0x00000000004ed000 	/usr/lib/system/libmacho.dylib
0x00000000004ed000 	/usr/lib/system/libquarantine.dylib
0x00000000004ed000 	/usr/lib/system/libremovefile.dylib
0x00000000004ed000 	/usr/lib/system/libsystem_asl.dylib
0x00000000004ed000 	/usr/lib/system/libsystem_blocks.dylib
0x00000000004ed000 	/usr/lib/system/libsystem_c.dylib
0x00000000004ed000 	/usr/lib/system/libsystem_configuration.dylib
0x00000000004ed000 	/usr/lib/system/libsystem_coreservices.dylib
0x00000000004ed000 	/usr/lib/system/libsystem_coretls.dylib
0x00000000004ed000 	/usr/lib/system/libsystem_dnssd.dylib
0x00000000004ed000 	/usr/lib/system/libsystem_info.dylib
0x00000000004ed000 	/usr/lib/system/libsystem_kernel.dylib
0x00000000004ed000 	/usr/lib/system/libsystem_m.dylib
0x00000000004ed000 	/usr/lib/system/libsystem_malloc.dylib
0x00000000004ed000 	/usr/lib/system/libsystem_network.dylib
0x00000000004ed000 	/usr/lib/system/libsystem_networkextension.dylib
0x00000000004ed000 	/usr/lib/system/libsystem_notify.dylib
0x00000000004ed000 	/usr/lib/system/libsystem_platform.dylib
0x00000000004ed000 	/usr/lib/system/libsystem_pthread.dylib
0x00000000004ed000 	/usr/lib/system/libsystem_sandbox.dylib
0x00000000004ed000 	/usr/lib/system/libsystem_secinit.dylib
0x00000000004ed000 	/usr/lib/system/libsystem_stats.dylib
0x00000000004ed000 	/usr/lib/system/libsystem_trace.dylib
0x00000000004ed000 	/usr/lib/system/libunc.dylib
0x00000000004ed000 	/usr/lib/system/libunwind.dylib
0x00000000004ed000 	/usr/lib/system/libxpc.dylib
0x00000000004ed000 	/usr/lib/libbz2.1.0.dylib
0x00000000004ed000 	/usr/lib/liblzma.5.dylib
0x00000000004ed000 	/usr/lib/libbsm.0.dylib
0x00000000004ed000 	/usr/lib/libsqlite3.dylib
0x00000000004ed000 	/usr/lib/system/libkxld.dylib
0x00000000004ed000 	/usr/lib/libxar.1.dylib
0x00000000004ed000 	/usr/lib/libpam.2.dylib
0x00000000004ed000 	/usr/lib/libOpenScriptingUtil.dylib
0x00000000004ed000 	/System/Library/Frameworks/CoreServices.framework/Versions/A/Frameworks/FSEvents.framework/Versions/A/FSEvents
0x00000000004ed000 	/System/Library/Frameworks/CoreServices.framework/Versions/A/Frameworks/CarbonCore.framework/Versions/A/CarbonCore
0x00000000004ed000 	/System/Library/Frameworks/CoreServices.framework/Versions/A/Frameworks/Metadata.framework/Versions/A/Metadata
0x00000000004ed000 	/System/Library/Frameworks/CoreServices.framework/Versions/A/Frameworks/OSServices.framework/Versions/A/OSServices
0x00000000004ed000 	/System/Library/Frameworks/CoreServices.framework/Versions/A/Frameworks/SearchKit.framework/Versions/A/SearchKit
0x00000000004ed000 	/System/Library/Frameworks/CoreServices.framework/Versions/A/Frameworks/AE.framework/Versions/A/AE
0x00000000004ed000 	/System/Library/Frameworks/CoreServices.framework/Versions/A/Frameworks/LaunchServices.framework/Versions/A/LaunchServices
0x00000000004ed000 	/System/Library/Frameworks/CoreServices.framework/Versions/A/Frameworks/DictionaryServices.framework/Versions/A/DictionaryServices
0x00000000004ed000 	/System/Library/Frameworks/NetFS.framework/Versions/A/NetFS
0x00000000004ed000 	/System/Library/PrivateFrameworks/NetAuth.framework/Versions/A/NetAuth
0x00000000004ed000 	/System/Library/PrivateFrameworks/login.framework/Versions/A/Frameworks/loginsupport.framework/Versions/A/loginsupport
0x00000000004ed000 	/System/Library/PrivateFrameworks/TCC.framework/Versions/A/TCC
0x00000000004ed000 	/usr/lib/libmecabra.dylib
0x00000000004ed000 	/System/Library/Frameworks/ApplicationServices.framework/Versions/A/Frameworks/ATS.framework/Versions/A/ATS
0x00000000004ed000 	/System/Library/Frameworks/ApplicationServices.framework/Versions/A/Frameworks/ColorSync.framework/Versions/A/ColorSync
0x00000000004ed000 	/System/Library/Frameworks/ApplicationServices.framework/Versions/A/Frameworks/HIServices.framework/Versions/A/HIServices
0x00000000004ed000 	/System/Library/Frameworks/ApplicationServices.framework/Versions/A/Frameworks/LangAnalysis.framework/Versions/A/LangAnalysis
0x00000000004ed000 	/System/Library/Frameworks/ApplicationServices.framework/Versions/A/Frameworks/PrintCore.framework/Versions/A/PrintCore
0x00000000004ed000 	/System/Library/Frameworks/ApplicationServices.framework/Versions/A/Frameworks/QD.framework/Versions/A/QD
0x00000000004ed000 	/System/Library/Frameworks/ApplicationServices.framework/Versions/A/Frameworks/SpeechSynthesis.framework/Versions/A/SpeechSynthesis
0x00000000004ed000 	/System/Library/Frameworks/Accelerate.framework/Versions/A/Accelerate
0x00000000004ed000 	/System/Library/Frameworks/Accelerate.framework/Versions/A/Frameworks/vImage.framework/Versions/A/vImage
0x00000000004ed000 	/System/Library/Frameworks/Accelerate.framework/Versions/A/Frameworks/vecLib.framework/Versions/A/vecLib
0x00000000004ed000 	/System/Library/Frameworks/Accelerate.framework/Versions/A/Frameworks/vecLib.framework/Versions/A/libvDSP.dylib
0x00000000004ed000 	/System/Library/Frameworks/Accelerate.framework/Versions/A/Frameworks/vecLib.framework/Versions/A/libvMisc.dylib
0x00000000004ed000 	/System/Library/Frameworks/Accelerate.framework/Versions/A/Frameworks/vecLib.framework/Versions/A/libLAPACK.dylib
0x00000000004ed000 	/System/Library/Frameworks/Accelerate.framework/Versions/A/Frameworks/vecLib.framework/Versions/A/libBLAS.dylib
0x00000000004ed000 	/System/Library/Frameworks/Accelerate.framework/Versions/A/Frameworks/vecLib.framework/Versions/A/libLinearAlgebra.dylib
0x00000000004ed000 	/System/Library/Frameworks/ApplicationServices.framework/Versions/A/Frameworks/ATS.framework/Versions/A/Resources/libFontParser.dylib
0x00000000004ed000 	/System/Library/Frameworks/ApplicationServices.framework/Versions/A/Frameworks/ATS.framework/Versions/A/Resources/libFontRegistry.dylib
0x00000000004ed000 	/System/Library/PrivateFrameworks/AppleVPA.framework/Versions/A/AppleVPA
0x00000000004ed000 	/System/Library/PrivateFrameworks/AppleJPEG.framework/Versions/A/AppleJPEG
0x00000000004ed000 	/System/Library/Frameworks/ImageIO.framework/Versions/A/Resources/libJPEG.dylib
0x00000000004ed000 	/System/Library/Frameworks/ImageIO.framework/Versions/A/Resources/libTIFF.dylib
0x00000000004ed000 	/System/Library/Frameworks/ImageIO.framework/Versions/A/Resources/libPng.dylib
0x00000000004ed000 	/System/Library/Frameworks/ImageIO.framework/Versions/A/Resources/libGIF.dylib
0x00000000004ed000 	/System/Library/Frameworks/ImageIO.framework/Versions/A/Resources/libJP2.dylib
0x00000000004ed000 	/System/Library/Frameworks/ImageIO.framework/Versions/A/Resources/libRadiance.dylib
0x00000000004ed000 	/System/Library/Frameworks/CoreVideo.framework/Versions/A/CoreVideo
0x00000000004ed000 	/System/Library/Frameworks/OpenGL.framework/Versions/A/Libraries/libGLU.dylib
0x00000000004ed000 	/System/Library/Frameworks/OpenGL.framework/Versions/A/Libraries/libGFXShared.dylib
0x00000000004ed000 	/System/Library/Frameworks/OpenGL.framework/Versions/A/Libraries/libGL.dylib
0x00000000004ed000 	/System/Library/Frameworks/OpenGL.framework/Versions/A/Libraries/libGLImage.dylib
0x00000000004ed000 	/System/Library/Frameworks/OpenGL.framework/Versions/A/Libraries/libCVMSPluginSupport.dylib
0x00000000004ed000 	/System/Library/Frameworks/OpenGL.framework/Versions/A/Libraries/libCoreVMClient.dylib
0x00000000004ed000 	/usr/lib/libcups.2.dylib
0x00000000004ed000 	/System/Library/Frameworks/Kerberos.framework/Versions/A/Kerberos
0x00000000004ed000 	/System/Library/Frameworks/GSS.framework/Versions/A/GSS
0x00000000004ed000 	/usr/lib/libresolv.9.dylib
0x00000000004ed000 	/usr/lib/libiconv.2.dylib
0x00000000004ed000 	/System/Library/PrivateFrameworks/Heimdal.framework/Versions/A/Heimdal
0x00000000004ed000 	/usr/lib/libheimdal-asn1.dylib
0x00000000004ed000 	/System/Library/Frameworks/OpenDirectory.framework/Versions/A/OpenDirectory
0x00000000004ed000 	/System/Library/PrivateFrameworks/CommonAuth.framework/Versions/A/CommonAuth
0x00000000004ed000 	/System/Library/Frameworks/OpenDirectory.framework/Versions/A/Frameworks/CFOpenDirectory.framework/Versions/A/CFOpenDirectory
0x00000000004ed000 	/System/Library/Frameworks/SecurityFoundation.framework/Versions/A/SecurityFoundation
0x00000000004ed000 	/System/Library/PrivateFrameworks/LanguageModeling.framework/Versions/A/LanguageModeling
0x00000000004ed000 	/usr/lib/libcmph.dylib
0x00000000004ed000 	/System/Library/Frameworks/ServiceManagement.framework/Versions/A/ServiceManagement
0x00000000004ed000 	/usr/lib/libxslt.1.dylib
0x00000000004ed000 	/System/Library/Frameworks/Carbon.framework/Versions/A/Frameworks/Ink.framework/Versions/A/Ink
0x00000000004ed000 	/System/Library/Frameworks/QuartzCore.framework/Versions/A/Frameworks/CoreImage.framework/Versions/A/CoreImage
0x00000000004ed000 	/System/Library/PrivateFrameworks/CrashReporterSupport.framework/Versions/A/CrashReporterSupport
0x00000000004ed000 	/System/Library/Frameworks/OpenCL.framework/Versions/A/OpenCL
0x00000000004ed000 	/System/Library/PrivateFrameworks/FaceCore.framework/Versions/A/FaceCore
0x00000000004ed000 	/System/Library/PrivateFrameworks/Ubiquity.framework/Versions/A/Ubiquity
0x00000000004ed000 	/System/Library/PrivateFrameworks/IconServices.framework/Versions/A/IconServices
0x00000000004ed000 	/System/Library/PrivateFrameworks/ChunkingLibrary.framework/Versions/A/ChunkingLibrary
0x00000000004ed000 	/System/Library/PrivateFrameworks/Apple80211.framework/Versions/A/Apple80211
0x00000000004ed000 	/System/Library/Frameworks/CoreWLAN.framework/Versions/A/CoreWLAN
0x00000000004ed000 	/System/Library/Frameworks/IOBluetooth.framework/Versions/A/IOBluetooth
0x00000000004ed000 	/System/Library/PrivateFrameworks/CoreWiFi.framework/Versions/A/CoreWiFi
0x00000000004ed000 	/System/Library/Frameworks/CoreBluetooth.framework/Versions/A/CoreBluetooth
0x00000000004ed000 	/System/Library/PrivateFrameworks/DebugSymbols.framework/Versions/A/DebugSymbols
0x00000000004ed000 	/System/Library/PrivateFrameworks/CoreSymbolication.framework/Versions/A/CoreSymbolication
0x00000000004ed000 	/System/Library/PrivateFrameworks/Symbolication.framework/Versions/A/Symbolication
0x00000000004ed000 	/System/Library/PrivateFrameworks/SpeechRecognitionCore.framework/Versions/A/SpeechRecognitionCore
0x0000000102926000 	/Library/Java/JavaVirtualMachines/jdk1.8.0_60.jdk/Contents/Home/jre/lib/server/libjvm.dylib
0x00000000004ed000 	/usr/lib/libstdc++.6.dylib
0x00000001039c9000 	/Library/Java/JavaVirtualMachines/jdk1.8.0_60.jdk/Contents/Home/jre/lib/libverify.dylib
0x0000000104200000 	/Library/Java/JavaVirtualMachines/jdk1.8.0_60.jdk/Contents/Home/jre/lib/libjava.dylib
0x00000001039e1000 	/Library/Java/JavaVirtualMachines/jdk1.8.0_60.jdk/Contents/Home/jre/lib/libzip.dylib
0x0000000117d2f000 	/System/Library/Frameworks/JavaVM.framework/Frameworks/JavaRuntimeSupport.framework/JavaRuntimeSupport
0x0000000117d4a000 	/System/Library/Frameworks/JavaVM.framework/Versions/A/Frameworks/JavaNativeFoundation.framework/Versions/A/JavaNativeFoundation
0x0000000117d5f000 	/System/Library/Frameworks/JavaVM.framework/Versions/A/JavaVM
0x00000000004ed000 	/System/Library/Frameworks/Carbon.framework/Versions/A/Carbon
0x0000000117d6c000 	/System/Library/PrivateFrameworks/JavaLaunching.framework/Versions/A/JavaLaunching
0x00000000004ed000 	/System/Library/Frameworks/Carbon.framework/Versions/A/Frameworks/CommonPanels.framework/Versions/A/CommonPanels
0x00000000004ed000 	/System/Library/Frameworks/Carbon.framework/Versions/A/Frameworks/Help.framework/Versions/A/Help
0x00000000004ed000 	/System/Library/Frameworks/Carbon.framework/Versions/A/Frameworks/ImageCapture.framework/Versions/A/ImageCapture
0x00000000004ed000 	/System/Library/Frameworks/Carbon.framework/Versions/A/Frameworks/OpenScripting.framework/Versions/A/OpenScripting
0x00000000004ed000 	/System/Library/Frameworks/Carbon.framework/Versions/A/Frameworks/Print.framework/Versions/A/Print
0x00000000004ed000 	/System/Library/Frameworks/Carbon.framework/Versions/A/Frameworks/SecurityHI.framework/Versions/A/SecurityHI
0x000000011a068000 	/Library/Java/JavaVirtualMachines/jdk1.8.0_60.jdk/Contents/Home/jre/lib/libnet.dylib
0x000000011a0c7000 	/Library/Java/JavaVirtualMachines/jdk1.8.0_60.jdk/Contents/Home/jre/lib/libnio.dylib
0x000000011a0d7000 	/Users/4imac/.gradle/native/19/osx-amd64/libnative-platform.dylib
0x0000000117dba000 	/Library/Java/JavaVirtualMachines/jdk1.8.0_60.jdk/Contents/Home/jre/lib/libmanagement.dylib

VM Arguments:
jvm_args: -XX:MaxPermSize=256m -XX:+HeapDumpOnOutOfMemoryError -Xmx1024m -Dfile.encoding=UTF-8 -Duser.country=US -Duser.language=en -Duser.variant 
java_command: org.gradle.launcher.daemon.bootstrap.GradleDaemon 2.10
java_class_path (initial): /Users/4imac/.gradle/wrapper/dists/gradle-2.10-all/a4w5fzrkeut1ox71xslb49gst/gradle-2.10/lib/gradle-launcher-2.10.jar
Launcher Type: SUN_STANDARD

Environment Variables:
PATH=/usr/bin:/bin:/usr/sbin:/sbin
SHELL=/bin/bash

Signal Handlers:
SIGSEGV: [libjvm.dylib+0x5a6d31], sa_mask[0]=11111111011111110111111111111111, sa_flags=SA_ONSTACK|SA_RESTART|SA_SIGINFO
SIGBUS: [libjvm.dylib+0x5a6d31], sa_mask[0]=11111111011111110111111111111111, sa_flags=SA_RESTART|SA_SIGINFO
SIGFPE: [libjvm.dylib+0x480a4c], sa_mask[0]=11111111011111110111111111111111, sa_flags=SA_RESTART|SA_SIGINFO
SIGPIPE: [libjvm.dylib+0x480a4c], sa_mask[0]=11111111011111110111111111111111, sa_flags=SA_RESTART|SA_SIGINFO
SIGXFSZ: [libjvm.dylib+0x480a4c], sa_mask[0]=11111111011111110111111111111111, sa_flags=SA_RESTART|SA_SIGINFO
SIGILL: [libjvm.dylib+0x480a4c], sa_mask[0]=11111111011111110111111111111111, sa_flags=SA_RESTART|SA_SIGINFO
SIGUSR1: SIG_DFL, sa_mask[0]=00000000000000000000000000000000, sa_flags=none
SIGUSR2: [libjvm.dylib+0x48056a], sa_mask[0]=00100000000000000000000000000000, sa_flags=SA_RESTART|SA_SIGINFO
SIGHUP: [libjvm.dylib+0x47eb41], sa_mask[0]=11111111011111110111111111111111, sa_flags=SA_RESTART|SA_SIGINFO
SIGINT: [libjvm.dylib+0x47eb41], sa_mask[0]=11111111011111110111111111111111, sa_flags=SA_RESTART|SA_SIGINFO
SIGTERM: [libjvm.dylib+0x47eb41], sa_mask[0]=11111111011111110111111111111111, sa_flags=SA_RESTART|SA_SIGINFO
SIGQUIT: [libjvm.dylib+0x47eb41], sa_mask[0]=11111111011111110111111111111111, sa_flags=SA_RESTART|SA_SIGINFO


---------------  S Y S T E M  ---------------

OS:Bsduname:Darwin 14.5.0 Darwin Kernel Version 14.5.0: Wed Jul 29 02:26:53 PDT 2015; root:xnu-2782.40.9~1/RELEASE_X86_64 x86_64
rlimit: STACK 8192k, CORE 0k, NPROC 709, NOFILE 10240, AS infinity
load average:2.66 2.26 2.11

CPU:total 4 (2 cores per cpu, 2 threads per core) family 6 model 58 stepping 9, cmov, cx8, fxsr, mmx, sse, sse2, sse3, ssse3, sse4.1, sse4.2, popcnt, avx, aes, clmul, erms, ht, tsc, tscinvbit, tscinv

Memory: 4k page, physical 8388608k(107508k free)

/proc/meminfo:


vm_info: Java HotSpot(TM) 64-Bit Server VM (25.60-b23) for bsd-amd64 JRE (1.8.0_60-b27), built on Aug  4 2015 10:47:24 by "java_re" with gcc 4.2.1 (Based on Apple Inc. build 5658) (LLVM build 2336.11.00)

time: Wed Sep 14 21:04:04 2016
elapsed time: 22 seconds (0d 0h 0m 22s)

